#
# There is insufficient memory for the Java Runtime Environment to continue.
# Native memory allocation (malloc) failed to allocate 681296 bytes for Chunk::new
# Possible reasons:
#   The system is out of physical RAM or swap space
#   In 32 bit mode, the process size limit was hit
# Possible solutions:
#   Reduce memory load on the system
#   Increase physical memory or swap space
#   Check if swap backing store is full
#   Use 64 bit Java on a 64 bit OS
#   Decrease Java heap size (-Xmx/-Xms)
#   Decrease number of Java threads
#   Decrease Java thread stack sizes (-Xss)
#   Set larger code cache with -XX:ReservedCodeCacheSize=
# This output file may be truncated or incomplete.
#
#  Out of Memory Error (allocation.cpp:390), pid=5572, tid=0x0000000000002750
#
# JRE version: Java(TM) SE Runtime Environment (8.0_92-b14) (build 1.8.0_92-b14)
# Java VM: Java HotSpot(TM) 64-Bit Server VM (25.92-b14 mixed mode windows-amd64 compressed oops)
# Failed to write core dump. Minidumps are not enabled by default on client versions of Windows
#

---------------  T H R E A D  ---------------

Current thread (0x000000001693e000):  JavaThread "C2 CompilerThread0" daemon [_thread_in_native, id=10064, stack(0x0000000017fa0000,0x00000000180a0000)]

Stack: [0x0000000017fa0000,0x00000000180a0000]
[error occurred during error reporting (printing stack bounds), id 0xc0000005]

Native frames: (J=compiled Java code, j=interpreted, Vv=VM code, C=native code)


Current CompileTask:
C2:   5960 4006       4       org.codehaus.groovy.reflection.CachedMethod::compareTo (25 bytes)


---------------  P R O C E S S  ---------------

Java Threads: ( => current thread )
  0x0000000018b72000 JavaThread "pool-2-thread-1" [_thread_blocked, id=9704, stack(0x0000000020280000,0x0000000020380000)]
  0x0000000018b6c000 JavaThread "File lock request listener" [_thread_in_native, id=9816, stack(0x000000001d700000,0x000000001d800000)]
  0x0000000019634000 JavaThread "Stdin handler" [_thread_blocked, id=832, stack(0x000000001ae60000,0x000000001af60000)]
  0x0000000019630000 JavaThread "Asynchronous log dispatcher for org.gradle.launcher.daemon.server.DefaultDaemonConnection@ccb6a12" [_thread_blocked, id=8328, stack(0x000000001ad60000,0x000000001ae60000)]
  0x0000000019628000 JavaThread "Daemon worker" [_thread_in_native, id=6488, stack(0x000000001ac60000,0x000000001ad60000)]
  0x0000000019627800 JavaThread "Cancel handler" [_thread_blocked, id=3788, stack(0x000000001ab60000,0x000000001ac60000)]
  0x0000000019285000 JavaThread "Handler for socket connection from /127.0.0.1:55121 to /127.0.0.1:55122" [_thread_in_native, id=168, stack(0x000000001aa60000,0x000000001ab60000)]
  0x0000000019281800 JavaThread "Daemon" [_thread_blocked, id=352, stack(0x000000001a960000,0x000000001aa60000)]
  0x0000000019475000 JavaThread "Incoming local TCP Connector on port 55121" [_thread_in_native, id=4364, stack(0x000000001a530000,0x000000001a630000)]
  0x000000001926e800 JavaThread "pool-1-thread-1" [_thread_blocked, id=8768, stack(0x000000001a430000,0x000000001a530000)]
  0x000000001699e800 JavaThread "Service Thread" daemon [_thread_blocked, id=9960, stack(0x00000000186a0000,0x00000000187a0000)]
  0x0000000016948000 JavaThread "C1 CompilerThread2" daemon [_thread_blocked, id=10040, stack(0x00000000181a0000,0x00000000182a0000)]
  0x0000000016943000 JavaThread "C2 CompilerThread1" daemon [_thread_in_native, id=8512, stack(0x00000000180a0000,0x00000000181a0000)]
=>0x000000001693e000 JavaThread "C2 CompilerThread0" daemon [_thread_in_native, id=10064, stack(0x0000000017fa0000,0x00000000180a0000)]
  0x000000001693c000 JavaThread "Attach Listener" daemon [_thread_blocked, id=10112, stack(0x0000000017ea0000,0x0000000017fa0000)]
  0x000000001693a800 JavaThread "Signal Dispatcher" daemon [_thread_blocked, id=4144, stack(0x0000000017da0000,0x0000000017ea0000)]
  0x0000000002edb000 JavaThread "Finalizer" daemon [_thread_blocked, id=10068, stack(0x0000000017bb0000,0x0000000017cb0000)]
  0x0000000016909000 JavaThread "Reference Handler" daemon [_thread_blocked, id=10084, stack(0x0000000017ab0000,0x0000000017bb0000)]
  0x0000000002de0800 JavaThread "main" [_thread_blocked, id=7432, stack(0x0000000002cb0000,0x0000000002db0000)]

Other Threads:
  0x0000000016907000 VMThread [stack: 0x00000000179b0000,0x0000000017ab0000] [id=10088]
  0x0000000018304800 WatcherThread [stack: 0x00000000187a0000,0x00000000188a0000] [id=2060]

VM state:not at safepoint (normal execution)

VM Mutex/Monitor currently owned by a thread: None

Heap:
 PSYoungGen      total 97280K, used 57685K [0x00000000e0000000, 0x00000000e6900000, 0x0000000100000000)
  eden space 88576K, 65% used [0x00000000e0000000,0x00000000e3855560,0x00000000e5680000)
  from space 8704K, 0% used [0x00000000e5e80000,0x00000000e5e80000,0x00000000e6700000)
  to   space 8192K, 0% used [0x00000000e5680000,0x00000000e5680000,0x00000000e5e80000)
 ParOldGen       total 53760K, used 14772K [0x00000000a0000000, 0x00000000a3480000, 0x00000000e0000000)
  object space 53760K, 27% used [0x00000000a0000000,0x00000000a0e6d300,0x00000000a3480000)
 Metaspace       used 37411K, capacity 38038K, committed 38400K, reserved 1083392K
  class space    used 5154K, capacity 5315K, committed 5376K, reserved 1048576K

Card table byte_map: [0x0000000012390000,0x00000000126a0000] byte_map_base: 0x0000000011e90000

Marking Bits: (ParMarkBitMap*) 0x0000000066c564f0
 Begin Bits: [0x0000000012ca0000, 0x00000000144a0000)
 End Bits:   [0x00000000144a0000, 0x0000000015ca0000)

Polling page: 0x0000000001120000

CodeCache: size=245760Kb used=14946Kb max_used=14962Kb free=230813Kb
 bounds [0x0000000002fd0000, 0x0000000003e80000, 0x0000000011fd0000]
 total_blobs=4740 nmethods=4057 adapters=594
 compilation: enabled

Compilation events (10 events):
Event: 5.931 Thread 0x0000000016948000 4118       3       sun.nio.fs.WindowsPathParser::nextNonSlash (24 bytes)
Event: 5.931 Thread 0x0000000016948000 nmethod 4118 0x0000000003e620d0 code [0x0000000003e62260, 0x0000000003e627c8]
Event: 5.931 Thread 0x0000000016948000 4119       3       java.lang.StringBuilder::append (10 bytes)
Event: 5.931 Thread 0x0000000016948000 nmethod 4119 0x0000000003e69150 code [0x0000000003e692c0, 0x0000000003e69448]
Event: 5.932 Thread 0x0000000016948000 4121       3       sun.nio.fs.WindowsPath::<init> (26 bytes)
Event: 5.932 Thread 0x0000000016948000 nmethod 4121 0x0000000003e68c50 code [0x0000000003e68dc0, 0x0000000003e69030]
Event: 5.932 Thread 0x0000000016948000 4122       3       sun.nio.fs.AbstractPath::<init> (5 bytes)
Event: 5.932 Thread 0x0000000016948000 nmethod 4122 0x0000000003e68890 code [0x0000000003e689e0, 0x0000000003e68b90]
Event: 5.933 Thread 0x0000000016943000 nmethod 4103 0x0000000003e756d0 code [0x0000000003e759a0, 0x0000000003e76c58]
Event: 5.933 Thread 0x0000000016943000 4087       4       groovy.lang.MetaClassImpl::addMetaMethodToIndex (65 bytes)

GC Heap History (10 events):
Event: 3.384 GC heap before
{Heap before GC invocations=10 (full 1):
 PSYoungGen      total 55808K, used 55478K [0x00000000e0000000, 0x00000000e4c00000, 0x0000000100000000)
  eden space 51200K, 100% used [0x00000000e0000000,0x00000000e3200000,0x00000000e3200000)
  from space 4608K, 92% used [0x00000000e4780000,0x00000000e4bada20,0x00000000e4c00000)
  to   space 7168K, 0% used [0x00000000e3e00000,0x00000000e3e00000,0x00000000e4500000)
 ParOldGen       total 36352K, used 8610K [0x00000000a0000000, 0x00000000a2380000, 0x00000000e0000000)
  object space 36352K, 23% used [0x00000000a0000000,0x00000000a0868a10,0x00000000a2380000)
 Metaspace       used 27839K, capacity 28406K, committed 28672K, reserved 1073152K
  class space    used 3935K, capacity 4091K, committed 4096K, reserved 1048576K
Event: 3.390 GC heap after
Heap after GC invocations=10 (full 1):
 PSYoungGen      total 70656K, used 6868K [0x00000000e0000000, 0x00000000e5280000, 0x0000000100000000)
  eden space 63488K, 0% used [0x00000000e0000000,0x00000000e0000000,0x00000000e3e00000)
  from space 7168K, 95% used [0x00000000e3e00000,0x00000000e44b5168,0x00000000e4500000)
  to   space 8192K, 0% used [0x00000000e4a80000,0x00000000e4a80000,0x00000000e5280000)
 ParOldGen       total 36352K, used 8690K [0x00000000a0000000, 0x00000000a2380000, 0x00000000e0000000)
  object space 36352K, 23% used [0x00000000a0000000,0x00000000a087ca38,0x00000000a2380000)
 Metaspace       used 27839K, capacity 28406K, committed 28672K, reserved 1073152K
  class space    used 3935K, capacity 4091K, committed 4096K, reserved 1048576K
}
Event: 4.308 GC heap before
{Heap before GC invocations=11 (full 1):
 PSYoungGen      total 70656K, used 70356K [0x00000000e0000000, 0x00000000e5280000, 0x0000000100000000)
  eden space 63488K, 100% used [0x00000000e0000000,0x00000000e3e00000,0x00000000e3e00000)
  from space 7168K, 95% used [0x00000000e3e00000,0x00000000e44b5168,0x00000000e4500000)
  to   space 8192K, 0% used [0x00000000e4a80000,0x00000000e4a80000,0x00000000e5280000)
 ParOldGen       total 36352K, used 8690K [0x00000000a0000000, 0x00000000a2380000, 0x00000000e0000000)
  object space 36352K, 23% used [0x00000000a0000000,0x00000000a087ca38,0x00000000a2380000)
 Metaspace       used 28465K, capacity 29038K, committed 29312K, reserved 1075200K
  class space    used 3952K, capacity 4127K, committed 4224K, reserved 1048576K
Event: 4.315 GC heap after
Heap after GC invocations=11 (full 1):
 PSYoungGen      total 76288K, used 2656K [0x00000000e0000000, 0x00000000e6180000, 0x0000000100000000)
  eden space 68096K, 0% used [0x00000000e0000000,0x00000000e0000000,0x00000000e4280000)
  from space 8192K, 32% used [0x00000000e4a80000,0x00000000e4d18000,0x00000000e5280000)
  to   space 8192K, 0% used [0x00000000e4280000,0x00000000e4280000,0x00000000e4a80000)
 ParOldGen       total 36352K, used 10698K [0x00000000a0000000, 0x00000000a2380000, 0x00000000e0000000)
  object space 36352K, 29% used [0x00000000a0000000,0x00000000a0a72a68,0x00000000a2380000)
 Metaspace       used 28465K, capacity 29038K, committed 29312K, reserved 1075200K
  class space    used 3952K, capacity 4127K, committed 4224K, reserved 1048576K
}
Event: 5.306 GC heap before
{Heap before GC invocations=12 (full 1):
 PSYoungGen      total 76288K, used 70752K [0x00000000e0000000, 0x00000000e6180000, 0x0000000100000000)
  eden space 68096K, 100% used [0x00000000e0000000,0x00000000e4280000,0x00000000e4280000)
  from space 8192K, 32% used [0x00000000e4a80000,0x00000000e4d18000,0x00000000e5280000)
  to   space 8192K, 0% used [0x00000000e4280000,0x00000000e4280000,0x00000000e4a80000)
 ParOldGen       total 36352K, used 10698K [0x00000000a0000000, 0x00000000a2380000, 0x00000000e0000000)
  object space 36352K, 29% used [0x00000000a0000000,0x00000000a0a72a68,0x00000000a2380000)
 Metaspace       used 33263K, capacity 33898K, committed 34304K, reserved 1079296K
  class space    used 4568K, capacity 4750K, committed 4864K, reserved 1048576K
Event: 5.315 GC heap after
Heap after GC invocations=12 (full 1):
 PSYoungGen      total 76288K, used 6950K [0x00000000e0000000, 0x00000000e6700000, 0x0000000100000000)
  eden space 68096K, 0% used [0x00000000e0000000,0x00000000e0000000,0x00000000e4280000)
  from space 8192K, 84% used [0x00000000e4280000,0x00000000e4949998,0x00000000e4a80000)
  to   space 8704K, 0% used [0x00000000e5e80000,0x00000000e5e80000,0x00000000e6700000)
 ParOldGen       total 36352K, used 11514K [0x00000000a0000000, 0x00000000a2380000, 0x00000000e0000000)
  object space 36352K, 31% used [0x00000000a0000000,0x00000000a0b3ea68,0x00000000a2380000)
 Metaspace       used 33263K, capacity 33898K, committed 34304K, reserved 1079296K
  class space    used 4568K, capacity 4750K, committed 4864K, reserved 1048576K
}
Event: 5.496 GC heap before
{Heap before GC invocations=13 (full 1):
 PSYoungGen      total 76288K, used 29651K [0x00000000e0000000, 0x00000000e6700000, 0x0000000100000000)
  eden space 68096K, 33% used [0x00000000e0000000,0x00000000e162b288,0x00000000e4280000)
  from space 8192K, 84% used [0x00000000e4280000,0x00000000e4949998,0x00000000e4a80000)
  to   space 8704K, 0% used [0x00000000e5e80000,0x00000000e5e80000,0x00000000e6700000)
 ParOldGen       total 36352K, used 11514K [0x00000000a0000000, 0x00000000a2380000, 0x00000000e0000000)
  object space 36352K, 31% used [0x00000000a0000000,0x00000000a0b3ea68,0x00000000a2380000)
 Metaspace       used 34632K, capacity 35182K, committed 35456K, reserved 1079296K
  class space    used 4748K, capacity 4916K, committed 4992K, reserved 1048576K
Event: 5.501 GC heap after
Heap after GC invocations=13 (full 1):
 PSYoungGen      total 97280K, used 4629K [0x00000000e0000000, 0x00000000e6900000, 0x0000000100000000)
  eden space 88576K, 0% used [0x00000000e0000000,0x00000000e0000000,0x00000000e5680000)
  from space 8704K, 53% used [0x00000000e5e80000,0x00000000e6305490,0x00000000e6700000)
  to   space 8192K, 0% used [0x00000000e5680000,0x00000000e5680000,0x00000000e5e80000)
 ParOldGen       total 36352K, used 11994K [0x00000000a0000000, 0x00000000a2380000, 0x00000000e0000000)
  object space 36352K, 32% used [0x00000000a0000000,0x00000000a0bb6a68,0x00000000a2380000)
 Metaspace       used 34632K, capacity 35182K, committed 35456K, reserved 1079296K
  class space    used 4748K, capacity 4916K, committed 4992K, reserved 1048576K
}
Event: 5.501 GC heap before
{Heap before GC invocations=14 (full 2):
 PSYoungGen      total 97280K, used 4629K [0x00000000e0000000, 0x00000000e6900000, 0x0000000100000000)
  eden space 88576K, 0% used [0x00000000e0000000,0x00000000e0000000,0x00000000e5680000)
  from space 8704K, 53% used [0x00000000e5e80000,0x00000000e6305490,0x00000000e6700000)
  to   space 8192K, 0% used [0x00000000e5680000,0x00000000e5680000,0x00000000e5e80000)
 ParOldGen       total 36352K, used 11994K [0x00000000a0000000, 0x00000000a2380000, 0x00000000e0000000)
  object space 36352K, 32% used [0x00000000a0000000,0x00000000a0bb6a68,0x00000000a2380000)
 Metaspace       used 34632K, capacity 35182K, committed 35456K, reserved 1079296K
  class space    used 4748K, capacity 4916K, committed 4992K, reserved 1048576K
Event: 5.551 GC heap after
Heap after GC invocations=14 (full 2):
 PSYoungGen      total 97280K, used 0K [0x00000000e0000000, 0x00000000e6900000, 0x0000000100000000)
  eden space 88576K, 0% used [0x00000000e0000000,0x00000000e0000000,0x00000000e5680000)
  from space 8704K, 0% used [0x00000000e5e80000,0x00000000e5e80000,0x00000000e6700000)
  to   space 8192K, 0% used [0x00000000e5680000,0x00000000e5680000,0x00000000e5e80000)
 ParOldGen       total 53760K, used 14772K [0x00000000a0000000, 0x00000000a3480000, 0x00000000e0000000)
  object space 53760K, 27% used [0x00000000a0000000,0x00000000a0e6d300,0x00000000a3480000)
 Metaspace       used 34632K, capacity 35182K, committed 35456K, reserved 1079296K
  class space    used 4748K, capacity 4916K, committed 4992K, reserved 1048576K
}

Deoptimization events (10 events):
Event: 5.595 Thread 0x0000000019628000 Uncommon trap: reason=class_check action=maybe_recompile pc=0x00000000039d9d38 method=java.util.Hashtable.addEntry(ILjava/lang/Object;Ljava/lang/Object;I)V @ 38
Event: 5.595 Thread 0x0000000019628000 Uncommon trap: reason=unstable_if action=reinterpret pc=0x00000000035142bc method=java.lang.CharacterDataLatin1.isWhitespace(I)Z @ 14
Event: 5.597 Thread 0x0000000019628000 Uncommon trap: reason=class_check action=maybe_recompile pc=0x0000000003b4e5d4 method=java.security.MessageDigest$Delegate.engineUpdate([BII)V @ 7
Event: 5.597 Thread 0x0000000019628000 Uncommon trap: reason=predicate action=maybe_recompile pc=0x0000000003b3efb0 method=sun.security.provider.DigestBase.implCompressMultiBlock([BII)I @ 5
Event: 5.597 Thread 0x0000000019628000 Uncommon trap: reason=class_check action=maybe_recompile pc=0x0000000003b3e224 method=sun.security.provider.DigestBase.implCompressMultiBlock([BII)I @ 8
Event: 5.608 Thread 0x0000000019628000 Uncommon trap: reason=predicate action=maybe_recompile pc=0x0000000003b34e08 method=sun.security.provider.DigestBase.implCompressMultiBlock([BII)I @ 5
Event: 5.609 Thread 0x0000000019628000 Uncommon trap: reason=class_check action=maybe_recompile pc=0x0000000003b3e224 method=sun.security.provider.DigestBase.implCompressMultiBlock([BII)I @ 8
Event: 5.611 Thread 0x0000000019628000 Uncommon trap: reason=unstable_if action=reinterpret pc=0x000000000377cbec method=java.security.CodeSource.getCertificates()[Ljava/security/cert/Certificate; @ 22
Event: 5.622 Thread 0x0000000019628000 Uncommon trap: reason=unstable_if action=reinterpret pc=0x0000000003acf380 method=java.util.LinkedHashMap.get(Ljava/lang/Object;)Ljava/lang/Object; @ 20
Event: 5.726 Thread 0x0000000019628000 Uncommon trap: reason=unstable_if action=reinterpret pc=0x0000000003869ba8 method=java.util.WeakHashMap.put(Ljava/lang/Object;Ljava/lang/Object;)Ljava/lang/Object; @ 59

Internal exceptions (10 events):
Event: 5.930 Thread 0x0000000019628000 Exception <a 'sun/nio/fs/WindowsException'> (0x00000000e374b2f8) thrown at [D:\re\workspace\8-2-build-windows-amd64-cygwin\jdk8u92\6642\hotspot\src\share\vm\prims\jni.cpp, line 709]
Event: 5.930 Thread 0x0000000019628000 Exception <a 'sun/nio/fs/WindowsException'> (0x00000000e374bec8) thrown at [D:\re\workspace\8-2-build-windows-amd64-cygwin\jdk8u92\6642\hotspot\src\share\vm\prims\jni.cpp, line 709]
Event: 5.930 Thread 0x0000000019628000 Exception <a 'sun/nio/fs/WindowsException'> (0x00000000e374f5c0) thrown at [D:\re\workspace\8-2-build-windows-amd64-cygwin\jdk8u92\6642\hotspot\src\share\vm\prims\jni.cpp, line 709]
Event: 5.930 Thread 0x0000000019628000 Exception <a 'sun/nio/fs/WindowsException'> (0x00000000e37501a0) thrown at [D:\re\workspace\8-2-build-windows-amd64-cygwin\jdk8u92\6642\hotspot\src\share\vm\prims\jni.cpp, line 709]
Event: 5.931 Thread 0x0000000019628000 Exception <a 'sun/nio/fs/WindowsException'> (0x00000000e3751db8) thrown at [D:\re\workspace\8-2-build-windows-amd64-cygwin\jdk8u92\6642\hotspot\src\share\vm\prims\jni.cpp, line 709]
Event: 5.931 Thread 0x0000000019628000 Exception <a 'sun/nio/fs/WindowsException'> (0x00000000e37529d8) thrown at [D:\re\workspace\8-2-build-windows-amd64-cygwin\jdk8u92\6642\hotspot\src\share\vm\prims\jni.cpp, line 709]
Event: 5.931 Thread 0x0000000019628000 Exception <a 'sun/nio/fs/WindowsException'> (0x00000000e3755fa8) thrown at [D:\re\workspace\8-2-build-windows-amd64-cygwin\jdk8u92\6642\hotspot\src\share\vm\prims\jni.cpp, line 709]
Event: 5.931 Thread 0x0000000019628000 Exception <a 'sun/nio/fs/WindowsException'> (0x00000000e3756b80) thrown at [D:\re\workspace\8-2-build-windows-amd64-cygwin\jdk8u92\6642\hotspot\src\share\vm\prims\jni.cpp, line 709]
Event: 5.931 Thread 0x0000000019628000 Exception <a 'sun/nio/fs/WindowsException'> (0x00000000e3758798) thrown at [D:\re\workspace\8-2-build-windows-amd64-cygwin\jdk8u92\6642\hotspot\src\share\vm\prims\jni.cpp, line 709]
Event: 5.931 Thread 0x0000000019628000 Exception <a 'sun/nio/fs/WindowsException'> (0x00000000e37593a8) thrown at [D:\re\workspace\8-2-build-windows-amd64-cygwin\jdk8u92\6642\hotspot\src\share\vm\prims\jni.cpp, line 709]

Events (10 events):
Event: 5.927 loading class java/util/stream/Node$Builder done
Event: 5.927 loading class java/util/stream/SpinedBuffer
Event: 5.927 loading class java/util/stream/AbstractSpinedBuffer
Event: 5.927 loading class java/util/stream/AbstractSpinedBuffer done
Event: 5.927 loading class java/util/stream/SpinedBuffer done
Event: 5.927 loading class java/util/stream/Nodes$SpinedNodeBuilder done
Event: 5.927 loading class java/util/stream/ReferencePipeline$3$1
Event: 5.927 loading class java/util/stream/Sink$ChainedReference
Event: 5.928 loading class java/util/stream/Sink$ChainedReference done
Event: 5.928 loading class java/util/stream/ReferencePipeline$3$1 done


Dynamic libraries:
0x00007ff753f80000 - 0x00007ff753fb7000 	D:\Program Files\Java\bin\java.exe
0x00007ff8c40a0000 - 0x00007ff8c4271000 	C:\Windows\SYSTEM32\ntdll.dll
0x00007ff8c2700000 - 0x00007ff8c27ab000 	C:\Windows\System32\KERNEL32.DLL
0x00007ff8c0d70000 - 0x00007ff8c0f8d000 	C:\Windows\System32\KERNELBASE.dll
0x00007ff8c2190000 - 0x00007ff8c2232000 	C:\Windows\System32\ADVAPI32.dll
0x00007ff8c1790000 - 0x00007ff8c182e000 	C:\Windows\System32\msvcrt.dll
0x00007ff8c2b10000 - 0x00007ff8c2b69000 	C:\Windows\System32\sechost.dll
0x00007ff8c1b40000 - 0x00007ff8c1c61000 	C:\Windows\System32\RPCRT4.dll
0x00007ff8c29a0000 - 0x00007ff8c2b05000 	C:\Windows\System32\USER32.dll
0x00007ff8c1090000 - 0x00007ff8c10ae000 	C:\Windows\System32\win32u.dll
0x00007ff8c1c80000 - 0x00007ff8c1cb4000 	C:\Windows\System32\GDI32.dll
0x00007ff8c13a0000 - 0x00007ff8c1522000 	C:\Windows\System32\gdi32full.dll
0x00007ff8b2ad0000 - 0x00007ff8b2d49000 	C:\Windows\WinSxS\amd64_microsoft.windows.common-controls_6595b64144ccf1df_6.0.14393.0_none_2d0f50fcbdb171b8\COMCTL32.dll
0x00007ff8c2430000 - 0x00007ff8c26f7000 	C:\Windows\System32\combase.dll
0x00007ff8c0f90000 - 0x00007ff8c1085000 	C:\Windows\System32\ucrtbase.dll
0x00007ff8c10b0000 - 0x00007ff8c111a000 	C:\Windows\System32\bcryptPrimitives.dll
0x00007ff8c27b0000 - 0x00007ff8c27de000 	C:\Windows\System32\IMM32.DLL
0x0000000066360000 - 0x0000000066432000 	D:\Program Files\Java\jre\bin\msvcr100.dll
0x0000000066440000 - 0x0000000066cd6000 	D:\Program Files\Java\jre\bin\server\jvm.dll
0x00007ff8c27e0000 - 0x00007ff8c27e8000 	C:\Windows\System32\PSAPI.DLL
0x00007ff8b5c70000 - 0x00007ff8b5c79000 	C:\Windows\SYSTEM32\WSOCK32.dll
0x00007ff8be4b0000 - 0x00007ff8be4d3000 	C:\Windows\SYSTEM32\WINMM.dll
0x00007ff8bb740000 - 0x00007ff8bb74a000 	C:\Windows\SYSTEM32\VERSION.dll
0x00000000016c0000 - 0x00000000016eb000 	C:\Windows\SYSTEM32\WINMMBASE.dll
0x00007ff8c27f0000 - 0x00007ff8c285a000 	C:\Windows\System32\WS2_32.dll
0x00007ff8c15e0000 - 0x00007ff8c1622000 	C:\Windows\System32\cfgmgr32.dll
0x0000000067c60000 - 0x0000000067c6f000 	D:\Program Files\Java\jre\bin\verify.dll
0x0000000067c30000 - 0x0000000067c59000 	D:\Program Files\Java\jre\bin\java.dll
0x0000000067c10000 - 0x0000000067c26000 	D:\Program Files\Java\jre\bin\zip.dll
0x00007ff8c2b70000 - 0x00007ff8c4078000 	C:\Windows\System32\SHELL32.dll
0x00007ff8c0690000 - 0x00007ff8c0d6a000 	C:\Windows\System32\windows.storage.dll
0x00007ff8c05a0000 - 0x00007ff8c05ec000 	C:\Windows\System32\powrprof.dll
0x00007ff8c2360000 - 0x00007ff8c23b2000 	C:\Windows\System32\shlwapi.dll
0x00007ff8c0610000 - 0x00007ff8c061f000 	C:\Windows\System32\kernel.appcore.dll
0x00007ff8c12f0000 - 0x00007ff8c1399000 	C:\Windows\System32\shcore.dll
0x00007ff8c05f0000 - 0x00007ff8c0604000 	C:\Windows\System32\profapi.dll
0x0000000066340000 - 0x000000006635a000 	D:\Program Files\Java\jre\bin\net.dll
0x00007ff8bfed0000 - 0x00007ff8bff2c000 	C:\Windows\system32\mswsock.dll
0x0000000066320000 - 0x0000000066331000 	D:\Program Files\Java\jre\bin\nio.dll
0x00007ff8ae320000 - 0x00007ff8ae332000 	C:\Users\DarKnight060198\.gradle\native\19\windows-amd64\native-platform.dll
0x00007ff8c0070000 - 0x00007ff8c0087000 	C:\Windows\SYSTEM32\CRYPTSP.dll
0x00007ff8bfae0000 - 0x00007ff8bfb13000 	C:\Windows\system32\rsaenh.dll
0x00007ff8c04d0000 - 0x00007ff8c04fb000 	C:\Windows\SYSTEM32\bcrypt.dll
0x00007ff8bfd50000 - 0x00007ff8bfd6f000 	C:\Windows\SYSTEM32\USERENV.dll
0x00007ff8c0500000 - 0x00007ff8c050b000 	C:\Windows\SYSTEM32\CRYPTBASE.dll
0x00007ff8bfc60000 - 0x00007ff8bfc98000 	C:\Windows\SYSTEM32\IPHLPAPI.DLL
0x00007ff8c1990000 - 0x00007ff8c1998000 	C:\Windows\System32\NSI.dll
0x00007ff8bb7f0000 - 0x00007ff8bb806000 	C:\Windows\SYSTEM32\dhcpcsvc6.DLL
0x00007ff8bb7d0000 - 0x00007ff8bb7ea000 	C:\Windows\SYSTEM32\dhcpcsvc.DLL
0x0000000067c00000 - 0x0000000067c0d000 	D:\Program Files\Java\jre\bin\management.dll

VM Arguments:
jvm_args: -Xmx1536m -Dfile.encoding=windows-1252 -Duser.country=US -Duser.language=en -Duser.variant 
java_command: org.gradle.launcher.daemon.bootstrap.GradleDaemon 2.14.1
java_class_path (initial): C:\Users\DarKnight060198\.gradle\wrapper\dists\gradle-2.14.1-all\8bnwg5hd3w55iofp58khbp6yv\gradle-2.14.1\lib\gradle-launcher-2.14.1.jar
Launcher Type: SUN_STANDARD

Environment Variables:
PATH=D:\Users\DarKnight060198\AppData\Local\Programs\Python\Python35\Scripts\;D:\Users\DarKnight060198\AppData\Local\Programs\Python\Python35\;D:\Users\DarKnight060198\AppData\Local\Programs\Python\Python36\Scripts\;D:\Users\DarKnight060198\AppData\Local\Programs\Python\Python36\;C:\ProgramData\Oracle\Java\javapath;"D:\Program Files\Java";C:\Windows\system32;C:\Windows;C:\Windows\System32\Wbem;C:\Windows\System32\WindowsPowerShell\v1.0\;C:\Program Files (x86)\NVIDIA Corporation\PhysX\Common;D:\Program Files\Git\cmd;D:\Program Files\Java\bin;D:\Program Files (x86)\Microsoft VS Code\bin
USERNAME=DarKnight98
OS=Windows_NT
PROCESSOR_IDENTIFIER=Intel64 Family 6 Model 60 Stepping 3, GenuineIntel



---------------  S Y S T E M  ---------------

OS: Windows 10.0 , 64 bit Build 14393 (10.0.14393.0)

CPU:total 4 (4 cores per cpu, 1 threads per core) family 6 model 60 stepping 3, cmov, cx8, fxsr, mmx, sse, sse2, sse3, ssse3, sse4.1, sse4.2, popcnt, avx, avx2, aes, clmul, erms, lzcnt, tsc, tscinvbit, bmi1, bmi2

Memory: 4k page, physical 4132160k(663220k free), swap 6719732k(5688k free)

vm_info: Java HotSpot(TM) 64-Bit Server VM (25.92-b14) for windows-amd64 JRE (1.8.0_92-b14), built on Mar 31 2016 21:03:04 by "java_re" with MS VC++ 10.0 (VS2010)

time: Sat Mar 25 19:57:06 2017
elapsed time: 5 seconds (0d 0h 0m 5s)

